# JRE version: OpenJDK Runtime Environment (11.0.10) (build 11.0.10+0-b96-7249189)
# Java VM: OpenJDK 64-Bit Server VM (11.0.10+0-b96-7249189, mixed mode, tiered, compressed oops, g1 gc, windows-amd64)
Heap:
 garbage-first heap   total 131072K, used 63564K [0x0000000080000000, 0x0000000100000000)
  region size 1024K, 51 young (52224K), 5 survivors (5120K)
 Metaspace       used 25260K, capacity 25903K, committed 26112K, reserved 1071104K
  class space    used 3287K, capacity 3500K, committed 3584K, reserved 1048576K
GC Heap History (10 events):
Event: 1.138 GC heap before
{Heap before GC invocations=0 (full 0):
 garbage-first heap   total 131072K, used 19456K [0x0000000080000000, 0x0000000100000000)
  region size 1024K, 14 young (14336K), 0 survivors (0K)
 Metaspace       used 6702K, capacity 6925K, committed 7168K, reserved 1056768K
  class space    used 584K, capacity 650K, committed 768K, reserved 1048576K
}
Event: 1.162 GC heap after
{Heap after GC invocations=1 (full 0):
 garbage-first heap   total 131072K, used 7868K [0x0000000080000000, 0x0000000100000000)
  region size 1024K, 2 young (2048K), 2 survivors (2048K)
 Metaspace       used 6702K, capacity 6925K, committed 7168K, reserved 1056768K
  class space    used 584K, capacity 650K, committed 768K, reserved 1048576K
}
Event: 1.758 GC heap before
{Heap before GC invocations=1 (full 0):
 garbage-first heap   total 131072K, used 19132K [0x0000000080000000, 0x0000000100000000)
  region size 1024K, 13 young (13312K), 2 survivors (2048K)
 Metaspace       used 10106K, capacity 10361K, committed 10624K, reserved 1058816K
  class space    used 1064K, capacity 1139K, committed 1152K, reserved 1048576K
}
Event: 1.798 GC heap after
{Heap after GC invocations=2 (full 0):
 garbage-first heap   total 131072K, used 9611K [0x0000000080000000, 0x0000000100000000)
  region size 1024K, 2 young (2048K), 2 survivors (2048K)
 Metaspace       used 10106K, capacity 10361K, committed 10624K, reserved 1058816K
  class space    used 1064K, capacity 1139K, committed 1152K, reserved 1048576K
}
Event: 2.660 GC heap before
{Heap before GC invocations=2 (full 0):
 garbage-first heap   total 131072K, used 36235K [0x0000000080000000, 0x0000000100000000)
  region size 1024K, 28 young (28672K), 2 survivors (2048K)
 Metaspace       used 11034K, capacity 11250K, committed 11520K, reserved 1058816K
  class space    used 1166K, capacity 1243K, committed 1280K, reserved 1048576K
}
Event: 2.664 GC heap after
{Heap after GC invocations=3 (full 0):
 garbage-first heap   total 131072K, used 12453K [0x0000000080000000, 0x0000000100000000)
  region size 1024K, 4 young (4096K), 4 survivors (4096K)
 Metaspace       used 11034K, capacity 11250K, committed 11520K, reserved 1058816K
  class space    used 1166K, capacity 1243K, committed 1280K, reserved 1048576K
}
Event: 6.547 GC heap before
{Heap before GC invocations=3 (full 0):
 garbage-first heap   total 131072K, used 60581K [0x0000000080000000, 0x0000000100000000)
  region size 1024K, 51 young (52224K), 4 survivors (4096K)
 Metaspace       used 18159K, capacity 18612K, committed 18816K, reserved 1064960K
  class space    used 2174K, capacity 2316K, committed 2432K, reserved 1048576K
}
Event: 6.562 GC heap after
{Heap after GC invocations=4 (full 0):
 garbage-first heap   total 131072K, used 16821K [0x0000000080000000, 0x0000000100000000)
  region size 1024K, 7 young (7168K), 7 survivors (7168K)
 Metaspace       used 18159K, capacity 18612K, committed 18816K, reserved 1064960K
  class space    used 2174K, capacity 2316K, committed 2432K, reserved 1048576K
}
Event: 7.046 GC heap before
{Heap before GC invocations=4 (full 0):
 garbage-first heap   total 131072K, used 36277K [0x0000000080000000, 0x0000000100000000)
  region size 1024K, 27 young (27648K), 7 survivors (7168K)
 Metaspace       used 20565K, capacity 21092K, committed 21248K, reserved 1067008K
  class space    used 2514K, capacity 2701K, committed 2816K, reserved 1048576K
}
Event: 7.056 GC heap after
{Heap after GC invocations=5 (full 0):
 garbage-first heap   total 131072K, used 17484K [0x0000000080000000, 0x0000000100000000)
  region size 1024K, 5 young (5120K), 5 survivors (5120K)
 Metaspace       used 20565K, capacity 21092K, committed 21248K, reserved 1067008K
  class space    used 2514K, capacity 2701K, committed 2816K, reserved 1048576K
}

